[debug] [2021-11-16T14:18:39.959Z] ----------------------------------------------------------------------
[debug] [2021-11-16T14:18:39.967Z] Command:       C:\Program Files\nodejs\node.exe C:\Users\soumy\AppData\Roaming\npm\node_modules\firebase-tools\lib\bin\firebase.js init
[debug] [2021-11-16T14:18:39.968Z] CLI Version:   9.22.0
[debug] [2021-11-16T14:18:39.969Z] Platform:      win32
[debug] [2021-11-16T14:18:39.969Z] Node Version:  v14.16.0
[debug] [2021-11-16T14:18:39.972Z] Time:          Tue Nov 16 2021 19:48:39 GMT+0530 (India Standard Time)
[debug] [2021-11-16T14:18:39.973Z] ----------------------------------------------------------------------
[debug] 
[debug] [2021-11-16T14:18:39.998Z] > command requires scopes: ["email","openid","https://www.googleapis.com/auth/cloudplatformprojects.readonly","https://www.googleapis.com/auth/firebase","https://www.googleapis.com/auth/cloud-platform"]
[debug] [2021-11-16T14:18:39.999Z] > authorizing via signed-in user (sayantanchakravarty883@gmail.com)
[info] 
     ######## #### ########  ######## ########     ###     ######  ########
     ##        ##  ##     ## ##       ##     ##  ##   ##  ##       ##
     ######    ##  ########  ######   ########  #########  ######  ######
     ##        ##  ##    ##  ##       ##     ## ##     ##       ## ##
     ##       #### ##     ## ######## ########  ##     ##  ######  ########

You're about to initialize a Firebase project in this directory:

  C:\React Projects\slack_clone

Before we get started, keep in mind:

  * You are currently outside your home directory

